
Collecting tasks from: tasks.py
=========================== Running: [96mRPA_01_Ingreso[0m ============================
Preingreso
2
Done Preingreso
Done
[96mRPA_01_Ingreso[0m status: PASS
================================================================================
============================ Running: [96mRPA_01_Envio[0m =============================
Envio
1
Done Envio
Done
[96mRPA_01_Envio[0m status: PASS
================================================================================
======================= Running: [96mRPA_01_Compare_results[0m ========================
Files and directories in ' C:\Applications\RPA 01 - INGRESO DE ESCRITOS DE PAGO GARANTIA ESTATAL EN PODER JUDICIAL\processing ' :
['Informe_Escritos_21.08.2024_16_44_22.xlsx']
C-5648-2024-7
C-5646-2024-7
C-4722-2024-5
C-3555-2024-6
C-3006-2024-4
C-2360-2024-6
C-21882-2023-6
C-21466-2023-6
C-19536-2023-9
C-16639-2023-6
C-1459-2024-2
C-1458-2024-4
C-1063-2024-5
Done
[96mRPA_01_Compare_results[0m status: PASS
================================================================================
Robocorp Log (html): c:\Applications\RPA 01 - INGRESO DE ESCRITOS DE PAGO GARANTIA ESTATAL EN PODER JUDICIAL\output\log.html
